<?xml version="1.0" encoding="UTF-8"?>
<testng-results skipped="0" failed="0" ignored="0" total="1" passed="1">
  <reporter-output>
  </reporter-output>
  <suite name="Default suite" duration-ms="9306" started-at="2020-01-05T02:56:36Z" finished-at="2020-01-05T02:56:46Z">
    <groups>
    </groups>
    <test name="Default test" duration-ms="9306" started-at="2020-01-05T02:56:36Z" finished-at="2020-01-05T02:56:46Z">
      <class name="com.ntiit.StepDefs.DropdownmenuSD">
        <test-method status="PASS" signature="clickdropdown()[pri:0, instance:com.ntiit.StepDefs.DropdownmenuSD@c038203]" name="clickdropdown" duration-ms="9263" started-at="2020-01-05T02:56:36Z" finished-at="2020-01-05T02:56:46Z">
          <reporter-output>
          </reporter-output>
        </test-method> <!-- clickdropdown -->
      </class> <!-- com.ntiit.StepDefs.DropdownmenuSD -->
    </test> <!-- Default test -->
  </suite> <!-- Default suite -->
</testng-results>
